<?xml version="1.0" encoding="UTF-8"?>
<!-- Generated by org.testng.reporters.JUnitReportReporter -->
<testsuite hostname="aitslpt-SarojP" failures="0" tests="4" name="api.test.UserTests" time="9.335" errors="0" timestamp="2023-07-25T10:08:02 NPT" skipped="0">
  <testcase classname="api.test.UserTests" name="testPostUser" time="3.559"/>
  <testcase classname="api.test.UserTests" name="testGetUserByName" time="1.368"/>
  <testcase classname="api.test.UserTests" name="testUpdateUserByName" time="2.829"/>
  <testcase classname="api.test.UserTests" name="testDeleteUserByName" time="1.579"/>
</testsuite> <!-- api.test.UserTests -->
