<?xml version="1.0" encoding="UTF-8"?>
<!-- Generated by org.testng.reporters.JUnitReportReporter -->
<testsuite hostname="aitslpt-SarojP" failures="0" tests="4" name="api.test.UserTests" time="9.358" errors="0" timestamp="2023-07-25T14:05:58 NPT" skipped="0">
  <testcase classname="api.test.UserTests" name="testPostUser" time="3.664"/>
  <testcase classname="api.test.UserTests" name="testGetUserByName" time="1.401"/>
  <testcase classname="api.test.UserTests" name="testUpdateUserByName" time="2.855"/>
  <testcase classname="api.test.UserTests" name="testDeleteUserByName" time="1.438"/>
</testsuite> <!-- api.test.UserTests -->
