<?xml version="1.0" encoding="UTF-8"?>
<!-- Generated by org.testng.reporters.JUnitReportReporter -->
<testsuite hostname="aitslpt-SarojP" failures="0" tests="4" name="api.test.UserTests" time="9.200" errors="0" timestamp="2023-07-24T09:05:22 NPT" skipped="0">
  <testcase classname="api.test.UserTests" name="testPostUser" time="4.255"/>
  <testcase classname="api.test.UserTests" name="testGetUserByName" time="1.291"/>
  <testcase classname="api.test.UserTests" name="testUpdateUserByName" time="2.443"/>
  <testcase classname="api.test.UserTests" name="testDeleteUserByName" time="1.211"/>
</testsuite> <!-- api.test.UserTests -->
